<?xml version="1.0" encoding="UTF-8"?>
<testsuite xmlns:xsi="http://www.w3.org/2001/XMLSchema-instance" xsi:noNamespaceSchemaLocation="https://maven.apache.org/surefire/maven-surefire-plugin/xsd/surefire-test-report-3.0.xsd" version="3.0" name="com.boojet.TransactionManagerTest" time="0.38" tests="14" errors="0" skipped="0" failures="0">
  <properties>
[...]
</properties>
  <testcase name="shouldListAllTransactions" classname="com.boojet.TransactionManagerTest" time="0.297"/>
  <testcase name="shouldDeleteCorrectly" classname="com.boojet.TransactionManagerTest" time="0.002"/>
  <testcase name="shouldHandleEmptyList" classname="com.boojet.TransactionManagerTest" time="0.003"/>
  <testcase name="shouldReplaceCorrectly" classname="com.boojet.TransactionManagerTest" time="0.002"/>
  <testcase name="addTransactionAndCheckDirty" classname="com.boojet.TransactionManagerTest" time="0.002"/>
  <testcase name="checkTransactionsInMonth" classname="com.boojet.TransactionManagerTest" time="0.004"/>
  <testcase name="allIncomeBalanceCheck" classname="com.boojet.TransactionManagerTest" time="0.003"/>
  <testcase name="checkTransactionOfCategory" classname="com.boojet.TransactionManagerTest" time="0.002"/>
  <testcase name="noTransactionsOfCategory" classname="com.boojet.TransactionManagerTest" time="0.002"/>
  <testcase name="noTransactions" classname="com.boojet.TransactionManagerTest" time="0.002"/>
  <testcase name="noIncomeWithExpense" classname="com.boojet.TransactionManagerTest" time="0.002"/>
  <testcase name="balanceReflectsIncomeandExpense" classname="com.boojet.TransactionManagerTest" time="0.001"/>
  <testcase name="noTransactionsInMonth" classname="com.boojet.TransactionManagerTest" time="0.002"/>
  <testcase name="correctSumPerMonth" classname="com.boojet.TransactionManagerTest" time="0.007"/>
</testsuite>